make.exe all --print-data-base --no-builtin-variables --no-builtin-rules --question
make: *** No rule to make target 'all'.  Stop.

# GNU Make 4.3
# Built for Windows32
# Copyright (C) 1988-2020 Free Software Foundation, Inc.
# License GPLv3+: GNU GPL version 3 or later <http://gnu.org/licenses/gpl.html>
# This is free software: you are free to change and redistribute it.
# There is NO WARRANTY, to the extent permitted by law.

# Make data base, printed on Mon Jul 18 16:36:05 2022

# Variables

# environment
SYSTEMDRIVE = C:
# environment
LC_ALL = C
# environment
USERPROFILE = C:\Users\PrinceOkechukwu
# environment
LOCALAPPDATA = C:\Users\PrinceOkechukwu\AppData\Local
# environment
VSCODE_CWD = C:\Users\PrinceOkechukwu\AppData\Local\Programs\Microsoft VS Code
# environment
CHOCOLATEYINSTALL = C:\ProgramData\chocolatey
# environment
SYSTEMROOT = C:\WINDOWS
# environment
PROCESSOR_LEVEL = 6
# environment
PSMODULEPATH = C:\Users\PrinceOkechukwu\Documents\WindowsPowerShell\Modules;C:\Users\PrinceOkechukwu\AppData\Local\Google\Cloud SDK\google-cloud-sdk\platform\PowerShell
# default
MAKE_COMMAND := C:/ProgramData/chocolatey/lib/make/tools/install/bin/make.exe
# environment
GOPATH = C:\Users\PrinceOkechukwu\go
# environment
PTSMINSTALLPATH_X86 = c:\Program Files (x86)\HP\HP ProtectTools Security Manager\Bin\
# automatic
@D = $(patsubst %/,%,$(patsubst %\,%,$(dir $@)))
# environment
CHROME_CRASHPAD_PIPE_NAME = \\.\pipe\crashpad_19000_MTKJXNOEFJSXEHTM
# environment
VSCODE_HANDLES_UNCAUGHT_ERRORS = true
# default
.VARIABLES := 
# automatic
%D = $(patsubst %/,%,$(patsubst %\,%,$(dir $%)))
# automatic
^D = $(patsubst %/,%,$(patsubst %\,%,$(dir $^)))
# automatic
%F = $(notdir $%)
# environment
VSCODE_CODE_CACHE_PATH = C:\Users\PrinceOkechukwu\AppData\Roaming\Code\CachedData\b06ae3b2d2dbfe28bca3134cc6be65935cdfea6a
# environment
LANG = C
# default
.LOADED := 
# environment
TMP = C:\Users\PRINCE~1\AppData\Local\Temp
# default
.INCLUDE_DIRS = .
# environment
PROCESSOR_ARCHITEW6432 = AMD64
# makefile
MAKEFLAGS = pqrR
# environment
BRS = C:\Program Files\HP\Sure Click\servers
# environment
ONEDRIVE = C:\Users\PrinceOkechukwu\OneDrive
# makefile
CURDIR := c:/Users/PrinceOkechukwu/source/repos/personal/go/HelloProfile
# environment
APPLICATION_INSIGHTS_NO_DIAGNOSTIC_CHANNEL = 1
# automatic
*D = $(patsubst %/,%,$(patsubst %\,%,$(dir $*)))
# environment
PROGRAMFILES = C:\Program Files (x86)
# environment
MFLAGS = -pqrR
# default
.SHELLFLAGS := -c
# environment
COMMONPROGRAMW6432 = C:\Program Files\Common Files
# automatic
+D = $(patsubst %/,%,$(patsubst %\,%,$(dir $+)))
# makefile (from 'Makefile', line 1)
MAKEFILE_LIST := Makefile
# automatic
@F = $(notdir $@)
# environment
VSCODE_PID = 19000
# automatic
?D = $(patsubst %/,%,$(patsubst %\,%,$(dir $?)))
# environment
ONLINESERVICES = Online Services
# automatic
*F = $(notdir $*)
# automatic
<D = $(patsubst %/,%,$(patsubst %\,%,$(dir $<)))
# environment
VSCODE_NLS_CONFIG = {"locale":"en-us","availableLanguages":{},"_languagePackSupport":true}
# environment
ONEDRIVECONSUMER = C:\Users\PrinceOkechukwu\OneDrive
# default
MAKE_HOST := Windows32
# environment
PROGRAMDATA = C:\ProgramData
# default
SHELL := sh.exe
# environment
HOMEPATH = \Users\PrinceOkechukwu
# default
MAKECMDGOALS := all
# environment
DRIVERDATA = C:\Windows\System32\Drivers\DriverData
# environment
COMSPEC = C:\WINDOWS\system32\cmd.exe
# environment
WINDIR = C:\WINDOWS
# environment
MAKELEVEL := 0
# default
MAKE = $(MAKE_COMMAND)
# environment
PATH = C:\windows\system32;C:\windows;C:\windows\System32\Wbem;C:\windows\System32\WindowsPowerShell\v1.0\;C:\windows\System32\OpenSSH\;C:\Program Files (x86)\Microsoft SQL Server\150\DTS\Binn\;C:\Program Files\Azure Data Studio\bin;C:\Program Files\dotnet\;C:\Program Files\Microsoft SQL Server\130\Tools\Binn\;C:\Program Files\Microsoft SQL Server\Client SDK\ODBC\170\Tools\Binn\;C:\Program Files\Git\cmd;C:\Program Files\nodejs\;C:\ProgramData\chocolatey\bin;C:\Program Files (x86)\Microsoft SQL Server\150\Tools\Binn\;C:\Program Files\Microsoft SQL Server\150\Tools\Binn\;C:\Program Files\Microsoft SQL Server\150\DTS\Binn\;C:\Program Files\Microsoft SQL Server\140\Tools\Binn\;C:\Users\PrinceOkechukwu\ngrok-stable-windows-amd64;;C:\WINDOWS\system32;C:\WINDOWS;C:\WINDOWS\System32\Wbem;C:\WINDOWS\System32\WindowsPowerShell\v1.0\;C:\WINDOWS\System32\OpenSSH\;C:\Program Files\Docker\Docker\resources\bin;C:\ProgramData\DockerDesktop\version-bin;C:\Program Files\Go\bin;C:\Users\PrinceOkechukwu\scoop\shims;C:\Users\PrinceOkechukwu\AppData\Local\Microsoft\WindowsApps;;C:\Users\PrinceOkechukwu\AppData\Local\Programs\Microsoft VS Code\bin;C:\Users\PrinceOkechukwu\.dotnet\tools;C:\Users\PrinceOkechukwu\AppData\Roaming\npm;C:\Users\PrinceOkechukwu\go\bin;C:\Users\PrinceOkechukwu\.dotnet\tools;C:\Users\PrinceOkechukwu\AppData\Local\Microsoft\WindowsApps;C:\Users\PrinceOkechukwu\go\bin
# environment
ZES_ENABLE_SYSMAN = 1
# environment
COMPUTERNAME = DESKTOP-6KC302R
# default
MAKEFILES := 
# automatic
^F = $(notdir $^)
# environment
PROMPT = $P$G
# environment
CHOCOLATEYLASTPATHUPDATE = 132671145117452529
# environment
PTSMINSTALLPATH = c:\Program Files\HP\HP ProtectTools Security Manager\Bin\
# environment
LOGONSERVER = \\DESKTOP-6KC302R
# environment
USERNAME = PrinceOkechukwu
# environment
COMMONPROGRAMFILES = C:\Program Files (x86)\Common Files
# automatic
?F = $(notdir $?)
# environment
PROGRAMW6432 = C:\Program Files
# environment
PATHEXT = .COM;.EXE;.BAT;.CMD;.VBS;.VBE;.JS;.JSE;.WSF;.WSH;.MSC
# automatic
+F = $(notdir $+)
# environment
ORIGINAL_XDG_CURRENT_DESKTOP = undefined
# environment
USERDOMAIN = AzureAD
# 'override' directive
GNUMAKEFLAGS := 
# environment
OS = Windows_NT
# makefile
.DEFAULT_GOAL := migrationCreate
# default
MAKE_VERSION := 4.3
# environment
PLATFORMCODE = AN
# environment
PROGRAMFILES(X86) = C:\Program Files (x86)
# environment
USERDOMAIN_ROAMINGPROFILE = AzureAD
# environment
NUMBER_OF_PROCESSORS = 8
# environment
PUBLIC = C:\Users\Public
# environment
APPDATA = C:\Users\PrinceOkechukwu\AppData\Roaming
# environment
HOMEDRIVE = C:
# environment
PROCESSOR_ARCHITECTURE = x86
# environment
GOMODCACHE = C:\Users\PrinceOkechukwu\go\pkg\mod
# environment
VSCODE_AMD_ENTRYPOINT = vs/workbench/api/node/extensionHostProcess
# environment
COMMONPROGRAMFILES(X86) = C:\Program Files (x86)\Common Files
# environment
ELECTRON_RUN_AS_NODE = 1
# environment
TEMP = C:\Users\PRINCE~1\AppData\Local\Temp
# environment
VSCODE_IPC_HOOK = \\.\pipe\1bdcc97b6cc777d1fe1121184686c36e-1.69.1-main-sock
# environment
GOPROXY = https://proxy.golang.org,direct
# default
.RECIPEPREFIX := 
# automatic
<F = $(notdir $<)
# environment
BRB = C:\Program Files\HP\Sure Click\bin
# default
SUFFIXES := 
# environment
ALLUSERSPROFILE = C:\ProgramData
# environment
SESSIONNAME = Console
# default
.FEATURES := target-specific order-only second-expansion else-if shortest-stem undefine oneshell nocomment grouped-target extra-prereqs archives jobserver output-sync load
# environment
REGIONCODE = NA
# environment
PROCESSOR_REVISION = 8e0c
# environment
PROCESSOR_IDENTIFIER = Intel64 Family 6 Model 142 Stepping 12, GenuineIntel
# variable set hash-table stats:
# Load=101/1024=10%, Rehash=0, Collisions=9/128=7%

# Pattern-specific Variable Values

# No pattern-specific variable values.

# Directories

# . (key c:/Users/PrinceOkechukwu/source/repos/personal/go/HelloProfile, mtime 1658090064): 22 files, no impossibilities.

# 22 files, no impossibilities in 1 directories.

# Implicit Rules

# No implicit rules.

# Files

migrationDown:
#  Phony target (prerequisite of .PHONY).
#  Implicit rule search has not been done.
#  File does not exist.
#  File has not been updated.
#  recipe to execute (from 'Makefile', line 8):
	migrate -path persistence/migrations -database "postgres://xenonprimus:Sarah4Daprinz@localhost/helloprofile?sslmode=disable" -verbose down 

sqlcGenerate:
#  Phony target (prerequisite of .PHONY).
#  Implicit rule search has not been done.
#  File does not exist.
#  File has not been updated.
#  recipe to execute (from 'Makefile', line 18):
	sqlc generate

dockerBuild:
#  Phony target (prerequisite of .PHONY).
#  Implicit rule search has not been done.
#  File does not exist.
#  File has not been updated.
#  recipe to execute (from 'Makefile', line 20):
	docker build -t helloprofile:latest .

# Not a target:
Makefile:
#  Implicit rule search has been done.
#  Last modified 2022-07-17 21:34:24
#  File has been updated.
#  Successfully updated.

installSqlc:
#  Phony target (prerequisite of .PHONY).
#  Implicit rule search has not been done.
#  File does not exist.
#  File has not been updated.
#  recipe to execute (from 'Makefile', line 14):
	go get github.com/kyleconroy/sqlc/cmd/sqlc

dockerRun:
#  Phony target (prerequisite of .PHONY).
#  Implicit rule search has not been done.
#  File does not exist.
#  File has not been updated.
#  recipe to execute (from 'Makefile', line 22):
	 docker run --mount source=persian-black-logs,destination=/usr/local/bin/log/ -p 8002:8083 --name helloprofile --env TOKEN_LIFESPAN=96h --env SESSION_LIFESPAN=120h --env DB_HOST=host.docker.internal --env DB_USER=xenonprimus --env DB_NAME=helloprofile --env DB_PASSWORD=Sarah4Daprinz --env DB_PORT=5432 --env COMMUNICATION_SERVICE_ENDPOINT=http://host.docker.internal:8084 helloprofile:latest

# Not a target:
.DEFAULT:
#  Implicit rule search has not been done.
#  Modification time never checked.
#  File has not been updated.

# Not a target:
all:
#  Command line target.
#  Implicit rule search has been done.
#  File does not exist.
#  File has not been updated.

migrationCreate:
#  Phony target (prerequisite of .PHONY).
#  Implicit rule search has not been done.
#  File does not exist.
#  File has not been updated.
#  recipe to execute (from 'Makefile', line 2):
	migrate create -ext sql -dir persistence/migrations -seq init_schema

initialiseGoModules:
#  Phony target (prerequisite of .PHONY).
#  Implicit rule search has not been done.
#  File does not exist.
#  File has not been updated.
#  recipe to execute (from 'Makefile', line 16):
	go mod init helloprofile

migrationForce:
#  Phony target (prerequisite of .PHONY).
#  Implicit rule search has not been done.
#  File does not exist.
#  File has not been updated.
#  recipe to execute (from 'Makefile', line 10):
	migrate -path persistence/migrations -database "postgres://xenonprimus:Sarah4Daprinz@localhost/helloprofile?sslmode=disable" -verbose force 2

migrationUp:
#  Phony target (prerequisite of .PHONY).
#  Implicit rule search has not been done.
#  File does not exist.
#  File has not been updated.
#  recipe to execute (from 'Makefile', line 4):
	migrate -path persistence/migrations -database "postgres://xenonprimus:Sarah4Daprinz@localhost/helloprofile?sslmode=disable" -verbose up

migrationGoto:
#  Phony target (prerequisite of .PHONY).
#  Implicit rule search has not been done.
#  File does not exist.
#  File has not been updated.
#  recipe to execute (from 'Makefile', line 12):
	migrate -path persistence/migrations -database "postgres://xenonprimus:Sarah4Daprinz@localhost/helloprofile?sslmode=disable" -verbose goto 2

.PHONY: migrationCreate migrationUp migrationDown migrationForce migrationGoto installSqlc initialiseGoModules dockerRun sqlcGenerate dockerBuild
#  Implicit rule search has not been done.
#  Modification time never checked.
#  File has not been updated.

migrationUpTest:
#  Implicit rule search has not been done.
#  Modification time never checked.
#  File has not been updated.
#  recipe to execute (from 'Makefile', line 6):
	migrate -path persistence/migrations -database "postgres://ezbtavev:Hoi_daLhSQ8xiStkyLcbfLVey5QHtuAO@heffalump.db.elephantsql.com/ezbtavev?sslmode=disable" -verbose up

# files hash-table stats:
# Load=16/1024=2%, Rehash=0, Collisions=0/36=0%
# VPATH Search Paths

# No 'vpath' search paths.

# No general ('VPATH' variable) search path.

# strcache buffers: 1 (0) / strings = 37 / storage = 413 B / avg = 11 B
# current buf: size = 8174 B / used = 413 B / count = 37 / avg = 11 B

# strcache performance: lookups = 63 / hit rate = 41%
# hash-table stats:
# Load=37/8192=0%, Rehash=0, Collisions=0/63=0%
# Finished Make data base on Mon Jul 18 16:36:05 2022

 
